2023-04-23T00:38:11.011156541+08:00 - aabb
2023-04-23T00:38:11.011202288+08:00 - ccdd
2023-04-23T00:38:11.011221913+08:00 - eeff
2023-04-29T12:32:13.261655989+08:00 - rstore started
2023-04-29T12:33:46.492803739+08:00 - rstore started
2023-04-29T12:43:43.596199361+08:00 - rstore started
2023-04-29T12:44:53.290858898+08:00 - rstore started
2023-04-29T12:47:19.191728143+08:00 - rstore started
2023-04-29T12:56:12.446037229+08:00 - rstore started
2023-04-29T13:02:47.825592100+08:00 - rstore started
2023-04-29T13:54:08.070592599+08:00 - rstore started
2023-04-29T13:59:34.081053238+08:00 - rstore started
2023-04-29T14:02:02.306060536+08:00 - rstore started
2023-04-29T14:02:41.477623636+08:00 - rstore started
2023-04-29T14:08:25.263502010+08:00 - rstore started
2023-04-29T14:08:39.587927933+08:00 - rstore started
2023-04-29T14:46:49.996746716+08:00 - rstore started
2023-04-29T14:46:50.069425241+08:00 - The port: 3000
2023-04-29T14:47:36.124810697+08:00 - rstore started
2023-04-29T14:47:36.176787586+08:00 - Listen on the port: 3000
2023-04-29T14:47:36.176855809+08:00 - database url: postgres://rstore:rstore@localhost:5432/rstore
2023-04-30T02:07:03.777169323+08:00 - rstore started
2023-04-30T02:07:03.850043259+08:00 - Listen on the port: 3000
2023-04-30T02:07:03.850102438+08:00 - database url: postgres://rstore:rstore@localhost:5432/rstore
2023-04-30T14:39:32.060328032+08:00 - rstore started
2023-04-30T14:39:32.142856276+08:00 - Listen on the port: 3000
2023-04-30T14:39:32.142914876+08:00 - database url: postgres://rstore:rstore@localhost:5432/rstore
2023-04-30T14:42:13.296070133+08:00 - rstore started
2023-04-30T14:42:13.338245424+08:00 - Listen on the port: 3000
2023-04-30T14:42:13.338279899+08:00 - database url: postgres://rstore:rstore@localhost:5432/rstore
2023-04-30T14:43:34.871849557+08:00 - rstore started
2023-04-30T14:43:34.906581039+08:00 - Listen on the port: 3000
2023-04-30T14:43:34.906618259+08:00 - database url: postgres://rstore:rstore@localhost:5432/rstore
2023-04-30T14:43:37.865481071+08:00 - The path: ~/org/example/test/1.0-SNAPSHOT/test-1.0-20230312.080759-1.jar
2023-04-30T14:46:57.991974207+08:00 - rstore started
2023-04-30T14:46:58.026510963+08:00 - Listen on the port: 3000
2023-04-30T14:46:58.026543444+08:00 - database url: postgres://rstore:rstore@localhost:5432/rstore
2023-04-30T14:47:06.882627687+08:00 - The path: ~/org/example/test/1.0-SNAPSHOT/
2023-04-30T14:48:02.059122662+08:00 - The path: ~/org/example/test/1.0-SNAPSHOT/
2023-04-30T14:49:07.545559903+08:00 - rstore started
2023-04-30T14:49:07.575334235+08:00 - Listen on the port: 3000
2023-04-30T14:49:07.575417291+08:00 - database url: postgres://rstore:rstore@localhost:5432/rstore
2023-04-30T14:49:10.104070342+08:00 - The path: ~/org/example/test/1.0-SNAPSHOT/
2023-04-30T14:50:10.855438704+08:00 - rstore started
2023-04-30T14:50:10.889215041+08:00 - Listen on the port: 3000
2023-04-30T14:50:10.889284271+08:00 - database url: postgres://rstore:rstore@localhost:5432/rstore
2023-04-30T14:50:14.113459395+08:00 - The path: ~/org/example/test/1.0-SNAPSHOT/
2023-04-30T14:50:14.873049620+08:00 - The path: ~/org/example/test/1.0-SNAPSHOT/
2023-04-30T14:53:03.906761937+08:00 - rstore started
2023-04-30T14:53:03.942443518+08:00 - Listen on the port: 3000
2023-04-30T14:53:03.942795931+08:00 - database url: postgres://rstore:rstore@localhost:5432/rstore
2023-04-30T14:53:07.248939839+08:00 - The path: ~/org/example/test/1.0-SNAPSHOT/
2023-04-30T14:54:54.436085524+08:00 - rstore started
2023-04-30T14:54:54.476173693+08:00 - Listen on the port: 3000
2023-04-30T14:54:54.476235409+08:00 - database url: postgres://rstore:rstore@localhost:5432/rstore
2023-04-30T14:56:03.306186155+08:00 - rstore started
2023-04-30T14:56:03.347298655+08:00 - Listen on the port: 3000
2023-04-30T14:56:03.347341876+08:00 - database url: postgres://rstore:rstore@localhost:5432/rstore
2023-04-30T14:56:03.678833717+08:00 - The path: /home/bot/org/example/test/1.0-SNAPSHOT/
2023-04-30T14:56:04.531186658+08:00 - The path: /home/bot/org/example/test/1.0-SNAPSHOT/
2023-04-30T14:57:59.996160070+08:00 - rstore started
2023-04-30T14:58:00.036877320+08:00 - Listen on the port: 3000
2023-04-30T14:58:00.036970746+08:00 - database url: postgres://rstore:rstore@localhost:5432/rstore
2023-04-30T14:58:05.940247528+08:00 - The path: /home/bot/org/example/test/1.0-SNAPSHOT/
2023-04-30T14:59:01.117319293+08:00 - rstore started
2023-04-30T14:59:01.157644907+08:00 - Listen on the port: 3000
2023-04-30T14:59:01.157830756+08:00 - database url: postgres://rstore:rstore@localhost:5432/rstore
2023-04-30T14:59:05.925262337+08:00 - The path: /home/bot/org/example/test/1.0-SNAPSHOT/
2023-04-30T14:59:05.925397140+08:00 - The path: /home/bot/org/example/test/1.0-SNAPSHOT/test-1.0-20230312.080759-1.jar
2023-04-30T15:00:33.193027496+08:00 - rstore started
2023-04-30T15:00:33.237036086+08:00 - Listen on the port: 3000
2023-04-30T15:00:33.237221776+08:00 - database url: postgres://rstore:rstore@localhost:5432/rstore
2023-04-30T15:00:34.451961271+08:00 - The path: /home/bot/org/example/test/1.0-SNAPSHOT/
2023-04-30T15:00:34.452047564+08:00 - The path: /home/bot/org/example/test/1.0-SNAPSHOT/
2023-04-30T15:28:53.739572623+08:00 - rstore started
2023-04-30T15:28:53.781692902+08:00 - Listen on the port: 3000
2023-04-30T15:28:53.781721365+08:00 - database url: postgres://rstore:rstore@localhost:5432/rstore
2023-04-30T15:28:57.628915322+08:00 - The path: /home/bot/org/example/test/1.0-SNAPSHOT/
2023-04-30T15:28:57.628958032+08:00 - The path: /home/bot/org/example/test/1.0-SNAPSHOT/
2023-04-30T16:08:04.462741758+08:00 - rstore started
2023-04-30T16:08:04.496903371+08:00 - Listen on the port: 3000
2023-04-30T16:08:04.496947705+08:00 - database url: postgres://rstore:rstore@localhost:5432/rstore
2023-04-30T16:29:28.206913874+08:00 - rstore started
2023-04-30T16:29:28.243767046+08:00 - Listen on the port: 3000
2023-04-30T16:29:28.243798936+08:00 - database url: postgres://rstore:rstore@localhost:5432/rstore
2023-04-30T16:56:55.611921907+08:00 - rstore started
2023-04-30T16:56:55.647582647+08:00 - Listen on the port: 3000
2023-04-30T16:56:55.647658039+08:00 - database url: postgres://rstore:rstore@localhost:5432/rstore
2023-04-30T16:58:14.555478587+08:00 - rstore started
2023-04-30T16:58:14.611625111+08:00 - Listen on the port: 3000
2023-04-30T16:58:14.611661229+08:00 - database url: postgres://rstore:rstore@localhost:5432/rstore
2023-04-30T16:58:16.964656275+08:00 - Get file: maven-metadata.xml
2023-04-30T16:59:10.562663914+08:00 - Get file: maven-metadata.xml
2023-04-30T16:59:37.802299884+08:00 - Get file: maven-metadata.xml
2023-04-30T17:06:27.836433071+08:00 - Get file: maven-metadata.xml
2023-04-30T17:07:00.061148896+08:00 - Get file: maven-metadata.xml
2023-04-30T17:08:05.013156321+08:00 - Get file: maven-metadata.xml
2023-04-30T17:20:17.674187840+08:00 - Get file: maven-metadata.xml
2023-04-30T17:21:17.513045257+08:00 - Get file: maven-metadata.xml
2023-04-30T17:23:41.321812243+08:00 - Get file: maven-metadata.xml
2023-04-30T17:24:31.152682926+08:00 - Get file: maven-metadata.xml
2023-04-30T17:29:19.748391928+08:00 - rstore started
2023-04-30T17:29:19.791624100+08:00 - Listen on the port: 3000
2023-04-30T17:29:19.791660007+08:00 - database url: postgres://rstore:rstore@localhost:5432/rstore
2023-04-30T17:29:36.291019848+08:00 - Get file: maven-metadata.xml
2023-04-30T17:32:12.610344091+08:00 - rstore started
2023-04-30T17:32:12.655372922+08:00 - Listen on the port: 3000
2023-04-30T17:32:12.655430129+08:00 - database url: postgres://rstore:rstore@localhost:5432/rstore
2023-04-30T17:34:01.113828909+08:00 - Get file: maven-metadata.xml
2023-04-30T17:34:40.243547892+08:00 - Get file: maven-metadata.xml
2023-04-30T17:36:02.000827932+08:00 - Get file: maven-metadata.xml
2023-04-30T17:36:08.269305233+08:00 - Get file: maven-metadata.xml
2023-04-30T17:36:49.527105913+08:00 - Get file: maven-metadata.xml
2023-04-30T17:37:01.251423603+08:00 - Get file: maven-metadata.xml
2023-04-30T17:39:17.655004954+08:00 - Get file: maven-metadata.xml
2023-04-30T17:39:18.546010882+08:00 - Get file: maven-metadata.xml
2023-04-30T17:39:19.068520249+08:00 - Get file: maven-metadata.xml
2023-04-30T17:39:19.572229772+08:00 - Get file: maven-metadata.xml
2023-04-30T17:39:19.801890313+08:00 - Get file: maven-metadata.xml
2023-04-30T17:39:20.181949052+08:00 - Get file: maven-metadata.xml
2023-04-30T17:50:00.649926342+08:00 - Get file: maven-metadata.xml
2023-04-30T17:51:25.613247599+08:00 - Get file: maven-metadata.xml
2023-04-30T17:52:34.373846082+08:00 - Get file: maven-metadata.xml
2023-04-30T21:14:39.473994781+08:00 - rstore started
2023-04-30T21:14:39.540667302+08:00 - Listen on the port: 3000
2023-04-30T21:14:39.540721860+08:00 - database url: postgres://rstore:rstore@localhost:5432/rstore
2023-04-30T21:17:40.996069944+08:00 - rstore started
2023-04-30T21:17:41.054024183+08:00 - Listen on the port: 3000
2023-04-30T21:17:41.054055629+08:00 - database url: postgres://rstore:rstore@localhost:5432/rstore
